<?xml version="1.0" encoding="UTF-8"?>
<!-- Generated by org.testng.reporters.JUnitReportReporter -->
<testsuite hostname="DESKTOP-3D7RRID" failures="0" tests="2" name="RestAssuredTask.FirstTestCoursesCollection" time="6.568" errors="0" timestamp="2021-11-09T13:46:27 EET" skipped="0">
  <testcase classname="RestAssuredTask.FirstTestCoursesCollection" name="SecondTestCase" time="1.835"/>
  <system-out/>
  <testcase classname="RestAssuredTask.FirstTestCoursesCollection" name="FirstTestCase" time="4.733"/>
  <system-out/>
</testsuite> <!-- RestAssuredTask.FirstTestCoursesCollection -->
