<?xml version="1.0" encoding="UTF-8"?>
<!-- Generated by org.testng.reporters.JUnitReportReporter -->
<testsuite hostname="DESKTOP-3D7RRID" failures="0" tests="2" name="RestAssuredTask.GetOneOrAllCourses" time="5.910" errors="0" timestamp="2021-11-10T09:57:13 EET" skipped="0">
  <testcase classname="RestAssuredTask.GetOneOrAllCourses" name="getAllCoursesTestCase" time="5.820"/>
  <system-out/>
  <testcase classname="RestAssuredTask.GetOneOrAllCourses" name="getOneCourse" time="0.090"/>
  <system-out/>
</testsuite> <!-- RestAssuredTask.GetOneOrAllCourses -->
