<?xml version="1.0" encoding="UTF-8"?>
<!-- Generated by org.testng.reporters.JUnitReportReporter -->
<testsuite hostname="DESKTOP-3D7RRID" failures="0" tests="1" name="RestAssuredTask.PostCourse" time="6.530" errors="0" timestamp="2021-11-09T14:56:20 EET" skipped="0">
  <testcase classname="RestAssuredTask.PostCourse" name="postTestCase" time="6.530"/>
  <system-out/>
</testsuite> <!-- RestAssuredTask.PostCourse -->
