<?xml version="1.0" encoding="UTF-8"?>
<!-- Generated by org.testng.reporters.JUnitReportReporter -->
<testsuite hostname="DESKTOP-3D7RRID" failures="0" tests="1" name="RestAssuredTask.DeleteCourse" time="5.324" errors="0" timestamp="2021-11-09T21:02:42 EET" skipped="0">
  <testcase classname="RestAssuredTask.DeleteCourse" name="DeleteCourseTestCase" time="5.324"/>
  <system-out/>
</testsuite> <!-- RestAssuredTask.DeleteCourse -->
