<?xml version="1.0" encoding="UTF-8"?>
<!-- Generated by org.testng.reporters.JUnitReportReporter -->
<testsuite hostname="DESKTOP-3D7RRID" failures="0" tests="1" name="RestAssuredTask.PostCourse" time="4.325" errors="0" timestamp="2021-11-09T19:50:47 EET" skipped="0">
  <testcase classname="RestAssuredTask.PostCourse" name="postTestCase" time="4.325"/>
  <system-out/>
</testsuite> <!-- RestAssuredTask.PostCourse -->
