<?xml version="1.0" encoding="UTF-8"?>
<!-- Generated by org.testng.reporters.JUnitReportReporter -->
<testsuite hostname="DESKTOP-3D7RRID" failures="0" tests="2" name="RestAssuredTask.GetOneOrAllCourses" time="4.649" errors="0" timestamp="2021-11-09T20:24:24 EET" skipped="0">
  <testcase classname="RestAssuredTask.GetOneOrAllCourses" name="getAllCoursesTestCase" time="4.572"/>
  <system-out/>
  <testcase classname="RestAssuredTask.GetOneOrAllCourses" name="getOneCourse" time="0.077"/>
  <system-out/>
</testsuite> <!-- RestAssuredTask.GetOneOrAllCourses -->
