<?xml version="1.0" encoding="UTF-8"?>
<!-- Generated by org.testng.reporters.JUnitReportReporter -->
<testsuite hostname="DESKTOP-3D7RRID" failures="0" tests="1" name="RestAssuredTask.EditCourse" time="6.381" errors="0" timestamp="2021-11-09T20:55:14 EET" skipped="0">
  <testcase classname="RestAssuredTask.EditCourse" name="EditCourseTestCase" time="6.381"/>
  <system-out/>
</testsuite> <!-- RestAssuredTask.EditCourse -->
